<?xml version="1.0" encoding="UTF-8"?>
<!-- Generated by org.testng.reporters.JUnitReportReporter -->
<testsuite hostname="Basils-Notebook" failures="0" tests="1" name="demo.runner.TestRunner" time="22.115" errors="0" timestamp="2021-06-07T17:44:42 IST" skipped="0">
  <testcase classname="demo.runner.TestRunner" name="feature" time="22.115"/>
  <system-out/>
</testsuite> <!-- demo.runner.TestRunner -->
